0 info it worked if it ends with ok
1 verbose cli [ 'nodejs', '/usr/bin/npm', 'install', '-g', 'ember-precompile' ]
2 info using npm@1.2.9
3 info using node@v0.8.19
4 verbose read json /usr/lib/package.json
5 verbose read json /usr/lib/package.json
6 verbose cache add [ 'ember-precompile', null ]
7 verbose cache add name=undefined spec="ember-precompile" args=["ember-precompile",null]
8 verbose parsed url { pathname: 'ember-precompile',
8 verbose parsed url   path: 'ember-precompile',
8 verbose parsed url   href: 'ember-precompile' }
9 silly lockFile 0d310199-ember-precompile ember-precompile
10 verbose lock ember-precompile /home/ywarezk/.npm/0d310199-ember-precompile.lock
11 silly lockFile 0d310199-ember-precompile ember-precompile
12 verbose addNamed [ 'ember-precompile', '' ]
13 verbose addNamed [ null, '' ]
14 silly lockFile b8477429-ember-precompile ember-precompile@
15 verbose lock ember-precompile@ /home/ywarezk/.npm/b8477429-ember-precompile.lock
16 silly lockFile b8477429-ember-precompile ember-precompile@
17 error Error: EACCES, open '/home/ywarezk/.npm/b8477429-ember-precompile.lock'
17 error  { [Error: EACCES, open '/home/ywarezk/.npm/b8477429-ember-precompile.lock']
17 error   errno: 3,
17 error   code: 'EACCES',
17 error   path: '/home/ywarezk/.npm/b8477429-ember-precompile.lock' }
18 error Please try running this command again as root/Administrator.
19 error System Linux 3.5.0-17-generic
20 error command "nodejs" "/usr/bin/npm" "install" "-g" "ember-precompile"
21 error cwd /home/ywarezk/Documents/workspace/Classroom_Client
22 error node -v v0.8.19
23 error npm -v 1.2.9
24 error path /home/ywarezk/.npm/b8477429-ember-precompile.lock
25 error code EACCES
26 error errno 3
27 error stack Error: EACCES, open '/home/ywarezk/.npm/b8477429-ember-precompile.lock'
28 verbose exit [ 3, true ]
